Apr 09, 2015 12:17:06 PM org.apache.catalina.startup.VersionLoggerListener log
INFO: Server version:        Apache Tomcat/7.0.59
Apr 09, 2015 12:17:06 PM org.apache.catalina.startup.VersionLoggerListener log
INFO: Server built:          Jan 28 2015 15:51:10 UTC
Apr 09, 2015 12:17:06 PM org.apache.catalina.startup.VersionLoggerListener log
INFO: Server number:         7.0.59.0
Apr 09, 2015 12:17:06 PM org.apache.catalina.startup.VersionLoggerListener log
INFO: OS Name:               Windows 7
Apr 09, 2015 12:17:06 PM org.apache.catalina.startup.VersionLoggerListener log
INFO: OS Version:            6.1
Apr 09, 2015 12:17:06 PM org.apache.catalina.startup.VersionLoggerListener log
INFO: Architecture:          amd64
Apr 09, 2015 12:17:06 PM org.apache.catalina.startup.VersionLoggerListener log
INFO: Java Home:             C:\Program Files\Java\jdk1.8.0_20\jre
Apr 09, 2015 12:17:06 PM org.apache.catalina.startup.VersionLoggerListener log
INFO: JVM Version:           1.8.0_20-b26
Apr 09, 2015 12:17:06 PM org.apache.catalina.startup.VersionLoggerListener log
INFO: JVM Vendor:            Oracle Corporation
Apr 09, 2015 12:17:06 PM org.apache.catalina.startup.VersionLoggerListener log
INFO: CATALINA_BASE:         C:\Users\Azat\Desktop\apache-tomcat-7.0.59
Apr 09, 2015 12:17:06 PM org.apache.catalina.startup.VersionLoggerListener log
INFO: CATALINA_HOME:         C:\Users\Azat\Desktop\apache-tomcat-7.0.59
Apr 09, 2015 12:17:06 PM org.apache.catalina.startup.VersionLoggerListener log
INFO: Command line argument: -Djava.util.logging.config.file=C:\Users\Azat\Desktop\apache-tomcat-7.0.59\conf\logging.properties
Apr 09, 2015 12:17:06 PM org.apache.catalina.startup.VersionLoggerListener log
INFO: Command line argument: -Djava.util.logging.manager=org.apache.juli.ClassLoaderLogManager
Apr 09, 2015 12:17:06 PM org.apache.catalina.startup.VersionLoggerListener log
INFO: Command line argument: -Djava.endorsed.dirs=C:\Users\Azat\Desktop\apache-tomcat-7.0.59\endorsed
Apr 09, 2015 12:17:06 PM org.apache.catalina.startup.VersionLoggerListener log
INFO: Command line argument: -Dcatalina.base=C:\Users\Azat\Desktop\apache-tomcat-7.0.59
Apr 09, 2015 12:17:06 PM org.apache.catalina.startup.VersionLoggerListener log
INFO: Command line argument: -Dcatalina.home=C:\Users\Azat\Desktop\apache-tomcat-7.0.59
Apr 09, 2015 12:17:06 PM org.apache.catalina.startup.VersionLoggerListener log
INFO: Command line argument: -Djava.io.tmpdir=C:\Users\Azat\Desktop\apache-tomcat-7.0.59\temp
Apr 09, 2015 12:17:06 PM org.apache.catalina.core.AprLifecycleListener lifecycleEvent
INFO: Loaded APR based Apache Tomcat Native library 1.1.32 using APR version 1.5.1.
Apr 09, 2015 12:17:06 PM org.apache.catalina.core.AprLifecycleListener lifecycleEvent
INFO: APR capabilities: IPv6 [true], sendfile [true], accept filters [false], random [true].
Apr 09, 2015 12:17:08 PM org.apache.catalina.core.AprLifecycleListener initializeSSL
INFO: OpenSSL successfully initialized (OpenSSL 1.0.1j 15 Oct 2014)
Apr 09, 2015 12:17:08 PM org.apache.coyote.AbstractProtocol init
INFO: Initializing ProtocolHandler ["http-apr-8080"]
Apr 09, 2015 12:17:08 PM org.apache.coyote.AbstractProtocol init
INFO: Initializing ProtocolHandler ["ajp-apr-8009"]
Apr 09, 2015 12:17:08 PM org.apache.catalina.startup.Catalina load
INFO: Initialization processed in 3843 ms
Apr 09, 2015 12:17:09 PM org.apache.catalina.core.StandardService startInternal
INFO: Starting service Catalina
Apr 09, 2015 12:17:09 PM org.apache.catalina.core.StandardEngine startInternal
INFO: Starting Servlet Engine: Apache Tomcat/7.0.59
Apr 09, 2015 12:17:09 PM org.apache.catalina.startup.HostConfig deployDirectory
INFO: Deploying web application directory C:\Users\Azat\Desktop\apache-tomcat-7.0.59\webapps\docs
Apr 09, 2015 12:17:10 PM org.apache.catalina.util.SessionIdGeneratorBase createSecureRandom
INFO: Creation of SecureRandom instance for session ID generation using [SHA1PRNG] took [204] milliseconds.
Apr 09, 2015 12:17:10 PM org.apache.catalina.startup.HostConfig deployDirectory
INFO: Deployment of web application directory C:\Users\Azat\Desktop\apache-tomcat-7.0.59\webapps\docs has finished in 1,188 ms
Apr 09, 2015 12:17:10 PM org.apache.catalina.startup.HostConfig deployDirectory
INFO: Deploying web application directory C:\Users\Azat\Desktop\apache-tomcat-7.0.59\webapps\examples
Apr 09, 2015 12:17:11 PM org.apache.catalina.startup.HostConfig deployDirectory
INFO: Deployment of web application directory C:\Users\Azat\Desktop\apache-tomcat-7.0.59\webapps\examples has finished in 974 ms
Apr 09, 2015 12:17:11 PM org.apache.catalina.startup.HostConfig deployDirectory
INFO: Deploying web application directory C:\Users\Azat\Desktop\apache-tomcat-7.0.59\webapps\host-manager
Apr 09, 2015 12:17:11 PM org.apache.catalina.startup.HostConfig deployDirectory
INFO: Deployment of web application directory C:\Users\Azat\Desktop\apache-tomcat-7.0.59\webapps\host-manager has finished in 160 ms
Apr 09, 2015 12:17:11 PM org.apache.catalina.startup.HostConfig deployDirectory
INFO: Deploying web application directory C:\Users\Azat\Desktop\apache-tomcat-7.0.59\webapps\manager
Apr 09, 2015 12:17:11 PM org.apache.catalina.startup.HostConfig deployDirectory
INFO: Deployment of web application directory C:\Users\Azat\Desktop\apache-tomcat-7.0.59\webapps\manager has finished in 131 ms
Apr 09, 2015 12:17:11 PM org.apache.catalina.startup.HostConfig deployDirectory
INFO: Deploying web application directory C:\Users\Azat\Desktop\apache-tomcat-7.0.59\webapps\ROOT
Apr 09, 2015 12:17:11 PM org.apache.catalina.startup.HostConfig deployDirectory
INFO: Deployment of web application directory C:\Users\Azat\Desktop\apache-tomcat-7.0.59\webapps\ROOT has finished in 148 ms
Apr 09, 2015 12:17:11 PM org.apache.coyote.AbstractProtocol start
INFO: Starting ProtocolHandler ["http-apr-8080"]
Apr 09, 2015 12:17:12 PM org.apache.coyote.AbstractProtocol start
INFO: Starting ProtocolHandler ["ajp-apr-8009"]
Apr 09, 2015 12:17:12 PM org.apache.catalina.startup.Catalina start
INFO: Server startup in 3042 ms
Apr 09, 2015 12:41:47 PM org.apache.catalina.startup.VersionLoggerListener log
INFO: Server version:        Apache Tomcat/7.0.59
Apr 09, 2015 12:41:47 PM org.apache.catalina.startup.VersionLoggerListener log
INFO: Server built:          Jan 28 2015 15:51:10 UTC
Apr 09, 2015 12:41:47 PM org.apache.catalina.startup.VersionLoggerListener log
INFO: Server number:         7.0.59.0
Apr 09, 2015 12:41:47 PM org.apache.catalina.startup.VersionLoggerListener log
INFO: OS Name:               Windows 7
Apr 09, 2015 12:41:47 PM org.apache.catalina.startup.VersionLoggerListener log
INFO: OS Version:            6.1
Apr 09, 2015 12:41:47 PM org.apache.catalina.startup.VersionLoggerListener log
INFO: Architecture:          amd64
Apr 09, 2015 12:41:47 PM org.apache.catalina.startup.VersionLoggerListener log
INFO: Java Home:             C:\Program Files\Java\jdk1.8.0_20\jre
Apr 09, 2015 12:41:47 PM org.apache.catalina.startup.VersionLoggerListener log
INFO: JVM Version:           1.8.0_20-b26
Apr 09, 2015 12:41:47 PM org.apache.catalina.startup.VersionLoggerListener log
INFO: JVM Vendor:            Oracle Corporation
Apr 09, 2015 12:41:47 PM org.apache.catalina.startup.VersionLoggerListener log
INFO: CATALINA_BASE:         C:\Users\Azat\Desktop\apache-tomcat-7.0.59
Apr 09, 2015 12:41:47 PM org.apache.catalina.startup.VersionLoggerListener log
INFO: CATALINA_HOME:         C:\Users\Azat\Desktop\apache-tomcat-7.0.59
Apr 09, 2015 12:41:47 PM org.apache.catalina.startup.VersionLoggerListener log
INFO: Command line argument: -Djava.util.logging.config.file=C:\Users\Azat\Desktop\apache-tomcat-7.0.59\conf\logging.properties
Apr 09, 2015 12:41:47 PM org.apache.catalina.startup.VersionLoggerListener log
INFO: Command line argument: -Djava.util.logging.manager=org.apache.juli.ClassLoaderLogManager
Apr 09, 2015 12:41:47 PM org.apache.catalina.startup.VersionLoggerListener log
INFO: Command line argument: -Djava.endorsed.dirs=C:\Users\Azat\Desktop\apache-tomcat-7.0.59\endorsed
Apr 09, 2015 12:41:47 PM org.apache.catalina.startup.VersionLoggerListener log
INFO: Command line argument: -Dcatalina.base=C:\Users\Azat\Desktop\apache-tomcat-7.0.59
Apr 09, 2015 12:41:47 PM org.apache.catalina.startup.VersionLoggerListener log
INFO: Command line argument: -Dcatalina.home=C:\Users\Azat\Desktop\apache-tomcat-7.0.59
Apr 09, 2015 12:41:47 PM org.apache.catalina.startup.VersionLoggerListener log
INFO: Command line argument: -Djava.io.tmpdir=C:\Users\Azat\Desktop\apache-tomcat-7.0.59\temp
Apr 09, 2015 12:41:47 PM org.apache.catalina.core.AprLifecycleListener lifecycleEvent
INFO: Loaded APR based Apache Tomcat Native library 1.1.32 using APR version 1.5.1.
Apr 09, 2015 12:41:47 PM org.apache.catalina.core.AprLifecycleListener lifecycleEvent
INFO: APR capabilities: IPv6 [true], sendfile [true], accept filters [false], random [true].
Apr 09, 2015 12:41:48 PM org.apache.catalina.core.AprLifecycleListener initializeSSL
INFO: OpenSSL successfully initialized (OpenSSL 1.0.1j 15 Oct 2014)
Apr 09, 2015 12:41:49 PM org.apache.coyote.AbstractProtocol init
INFO: Initializing ProtocolHandler ["http-apr-8080"]
Apr 09, 2015 12:41:49 PM org.apache.coyote.AbstractProtocol init
INFO: Initializing ProtocolHandler ["ajp-apr-8009"]
Apr 09, 2015 12:41:49 PM org.apache.catalina.startup.Catalina load
INFO: Initialization processed in 2067 ms
Apr 09, 2015 12:41:49 PM org.apache.catalina.core.StandardService startInternal
INFO: Starting service Catalina
Apr 09, 2015 12:41:49 PM org.apache.catalina.core.StandardEngine startInternal
INFO: Starting Servlet Engine: Apache Tomcat/7.0.59
Apr 09, 2015 12:41:49 PM org.apache.catalina.startup.HostConfig deployDirectory
INFO: Deploying web application directory C:\Users\Azat\Desktop\apache-tomcat-7.0.59\webapps\docs
Apr 09, 2015 12:41:49 PM org.apache.catalina.util.SessionIdGeneratorBase createSecureRandom
INFO: Creation of SecureRandom instance for session ID generation using [SHA1PRNG] took [113] milliseconds.
Apr 09, 2015 12:41:49 PM org.apache.catalina.startup.HostConfig deployDirectory
INFO: Deployment of web application directory C:\Users\Azat\Desktop\apache-tomcat-7.0.59\webapps\docs has finished in 657 ms
Apr 09, 2015 12:41:49 PM org.apache.catalina.startup.HostConfig deployDirectory
INFO: Deploying web application directory C:\Users\Azat\Desktop\apache-tomcat-7.0.59\webapps\examples
Apr 09, 2015 12:41:50 PM org.apache.catalina.startup.HostConfig deployDirectory
INFO: Deployment of web application directory C:\Users\Azat\Desktop\apache-tomcat-7.0.59\webapps\examples has finished in 710 ms
Apr 09, 2015 12:41:50 PM org.apache.catalina.startup.HostConfig deployDirectory
INFO: Deploying web application directory C:\Users\Azat\Desktop\apache-tomcat-7.0.59\webapps\host-manager
Apr 09, 2015 12:41:50 PM org.apache.catalina.startup.HostConfig deployDirectory
INFO: Deployment of web application directory C:\Users\Azat\Desktop\apache-tomcat-7.0.59\webapps\host-manager has finished in 106 ms
Apr 09, 2015 12:41:50 PM org.apache.catalina.startup.HostConfig deployDirectory
INFO: Deploying web application directory C:\Users\Azat\Desktop\apache-tomcat-7.0.59\webapps\manager
Apr 09, 2015 12:41:50 PM org.apache.catalina.startup.HostConfig deployDirectory
INFO: Deployment of web application directory C:\Users\Azat\Desktop\apache-tomcat-7.0.59\webapps\manager has finished in 223 ms
Apr 09, 2015 12:41:50 PM org.apache.catalina.startup.HostConfig deployDirectory
INFO: Deploying web application directory C:\Users\Azat\Desktop\apache-tomcat-7.0.59\webapps\ROOT
Apr 09, 2015 12:41:51 PM org.apache.catalina.startup.HostConfig deployDirectory
INFO: Deployment of web application directory C:\Users\Azat\Desktop\apache-tomcat-7.0.59\webapps\ROOT has finished in 93 ms
Apr 09, 2015 12:41:51 PM org.apache.coyote.AbstractProtocol start
INFO: Starting ProtocolHandler ["http-apr-8080"]
Apr 09, 2015 12:41:51 PM org.apache.coyote.AbstractProtocol start
INFO: Starting ProtocolHandler ["ajp-apr-8009"]
Apr 09, 2015 12:41:51 PM org.apache.catalina.startup.Catalina start
INFO: Server startup in 1890 ms
Apr 09, 2015 12:59:40 PM org.apache.catalina.startup.VersionLoggerListener log
INFO: Server version:        Apache Tomcat/7.0.59
Apr 09, 2015 12:59:40 PM org.apache.catalina.startup.VersionLoggerListener log
INFO: Server built:          Jan 28 2015 15:51:10 UTC
Apr 09, 2015 12:59:40 PM org.apache.catalina.startup.VersionLoggerListener log
INFO: Server number:         7.0.59.0
Apr 09, 2015 12:59:40 PM org.apache.catalina.startup.VersionLoggerListener log
INFO: OS Name:               Windows 7
Apr 09, 2015 12:59:40 PM org.apache.catalina.startup.VersionLoggerListener log
INFO: OS Version:            6.1
Apr 09, 2015 12:59:40 PM org.apache.catalina.startup.VersionLoggerListener log
INFO: Architecture:          amd64
Apr 09, 2015 12:59:40 PM org.apache.catalina.startup.VersionLoggerListener log
INFO: Java Home:             C:\Program Files\Java\jdk1.8.0_20\jre
Apr 09, 2015 12:59:40 PM org.apache.catalina.startup.VersionLoggerListener log
INFO: JVM Version:           1.8.0_20-b26
Apr 09, 2015 12:59:40 PM org.apache.catalina.startup.VersionLoggerListener log
INFO: JVM Vendor:            Oracle Corporation
Apr 09, 2015 12:59:40 PM org.apache.catalina.startup.VersionLoggerListener log
INFO: CATALINA_BASE:         C:\Users\Azat\Desktop\apache-tomcat-7.0.59
Apr 09, 2015 12:59:40 PM org.apache.catalina.startup.VersionLoggerListener log
INFO: CATALINA_HOME:         C:\Users\Azat\Desktop\apache-tomcat-7.0.59
Apr 09, 2015 12:59:40 PM org.apache.catalina.startup.VersionLoggerListener log
INFO: Command line argument: -Djava.util.logging.config.file=C:\Users\Azat\Desktop\apache-tomcat-7.0.59\conf\logging.properties
Apr 09, 2015 12:59:40 PM org.apache.catalina.startup.VersionLoggerListener log
INFO: Command line argument: -Djava.util.logging.manager=org.apache.juli.ClassLoaderLogManager
Apr 09, 2015 12:59:40 PM org.apache.catalina.startup.VersionLoggerListener log
INFO: Command line argument: -Djava.endorsed.dirs=C:\Users\Azat\Desktop\apache-tomcat-7.0.59\endorsed
Apr 09, 2015 12:59:40 PM org.apache.catalina.startup.VersionLoggerListener log
INFO: Command line argument: -Dcatalina.base=C:\Users\Azat\Desktop\apache-tomcat-7.0.59
Apr 09, 2015 12:59:40 PM org.apache.catalina.startup.VersionLoggerListener log
INFO: Command line argument: -Dcatalina.home=C:\Users\Azat\Desktop\apache-tomcat-7.0.59
Apr 09, 2015 12:59:40 PM org.apache.catalina.startup.VersionLoggerListener log
INFO: Command line argument: -Djava.io.tmpdir=C:\Users\Azat\Desktop\apache-tomcat-7.0.59\temp
Apr 09, 2015 12:59:40 PM org.apache.catalina.core.AprLifecycleListener lifecycleEvent
INFO: Loaded APR based Apache Tomcat Native library 1.1.32 using APR version 1.5.1.
Apr 09, 2015 12:59:40 PM org.apache.catalina.core.AprLifecycleListener lifecycleEvent
INFO: APR capabilities: IPv6 [true], sendfile [true], accept filters [false], random [true].
Apr 09, 2015 12:59:41 PM org.apache.catalina.core.AprLifecycleListener initializeSSL
INFO: OpenSSL successfully initialized (OpenSSL 1.0.1j 15 Oct 2014)
Apr 09, 2015 12:59:41 PM org.apache.coyote.AbstractProtocol init
INFO: Initializing ProtocolHandler ["http-apr-8080"]
Apr 09, 2015 12:59:42 PM org.apache.coyote.AbstractProtocol init
INFO: Initializing ProtocolHandler ["ajp-apr-8009"]
Apr 09, 2015 12:59:42 PM org.apache.catalina.startup.Catalina load
INFO: Initialization processed in 2208 ms
Apr 09, 2015 12:59:42 PM org.apache.catalina.core.StandardService startInternal
INFO: Starting service Catalina
Apr 09, 2015 12:59:42 PM org.apache.catalina.core.StandardEngine startInternal
INFO: Starting Servlet Engine: Apache Tomcat/7.0.59
Apr 09, 2015 12:59:42 PM org.apache.catalina.startup.HostConfig deployDirectory
INFO: Deploying web application directory C:\Users\Azat\Desktop\apache-tomcat-7.0.59\webapps\docs
Apr 09, 2015 12:59:42 PM org.apache.catalina.util.SessionIdGeneratorBase createSecureRandom
INFO: Creation of SecureRandom instance for session ID generation using [SHA1PRNG] took [137] milliseconds.
Apr 09, 2015 12:59:42 PM org.apache.catalina.startup.HostConfig deployDirectory
INFO: Deployment of web application directory C:\Users\Azat\Desktop\apache-tomcat-7.0.59\webapps\docs has finished in 759 ms
Apr 09, 2015 12:59:42 PM org.apache.catalina.startup.HostConfig deployDirectory
INFO: Deploying web application directory C:\Users\Azat\Desktop\apache-tomcat-7.0.59\webapps\examples
Apr 09, 2015 12:59:43 PM org.apache.catalina.startup.HostConfig deployDirectory
INFO: Deployment of web application directory C:\Users\Azat\Desktop\apache-tomcat-7.0.59\webapps\examples has finished in 1,042 ms
Apr 09, 2015 12:59:43 PM org.apache.catalina.startup.HostConfig deployDirectory
INFO: Deploying web application directory C:\Users\Azat\Desktop\apache-tomcat-7.0.59\webapps\host-manager
Apr 09, 2015 12:59:44 PM org.apache.catalina.startup.HostConfig deployDirectory
INFO: Deployment of web application directory C:\Users\Azat\Desktop\apache-tomcat-7.0.59\webapps\host-manager has finished in 136 ms
Apr 09, 2015 12:59:44 PM org.apache.catalina.startup.HostConfig deployDirectory
INFO: Deploying web application directory C:\Users\Azat\Desktop\apache-tomcat-7.0.59\webapps\manager
Apr 09, 2015 12:59:44 PM org.apache.catalina.startup.HostConfig deployDirectory
INFO: Deployment of web application directory C:\Users\Azat\Desktop\apache-tomcat-7.0.59\webapps\manager has finished in 106 ms
Apr 09, 2015 12:59:44 PM org.apache.catalina.startup.HostConfig deployDirectory
INFO: Deploying web application directory C:\Users\Azat\Desktop\apache-tomcat-7.0.59\webapps\ROOT
Apr 09, 2015 12:59:44 PM org.apache.catalina.startup.HostConfig deployDirectory
INFO: Deployment of web application directory C:\Users\Azat\Desktop\apache-tomcat-7.0.59\webapps\ROOT has finished in 90 ms
Apr 09, 2015 12:59:44 PM org.apache.coyote.AbstractProtocol start
INFO: Starting ProtocolHandler ["http-apr-8080"]
Apr 09, 2015 12:59:44 PM org.apache.coyote.AbstractProtocol start
INFO: Starting ProtocolHandler ["ajp-apr-8009"]
Apr 09, 2015 12:59:44 PM org.apache.catalina.startup.Catalina start
INFO: Server startup in 2335 ms
Apr 09, 2015 1:05:21 PM org.apache.catalina.startup.VersionLoggerListener log
INFO: Server version:        Apache Tomcat/7.0.59
Apr 09, 2015 1:05:21 PM org.apache.catalina.startup.VersionLoggerListener log
INFO: Server built:          Jan 28 2015 15:51:10 UTC
Apr 09, 2015 1:05:21 PM org.apache.catalina.startup.VersionLoggerListener log
INFO: Server number:         7.0.59.0
Apr 09, 2015 1:05:21 PM org.apache.catalina.startup.VersionLoggerListener log
INFO: OS Name:               Windows 7
Apr 09, 2015 1:05:21 PM org.apache.catalina.startup.VersionLoggerListener log
INFO: OS Version:            6.1
Apr 09, 2015 1:05:21 PM org.apache.catalina.startup.VersionLoggerListener log
INFO: Architecture:          amd64
Apr 09, 2015 1:05:21 PM org.apache.catalina.startup.VersionLoggerListener log
INFO: Java Home:             C:\Program Files\Java\jdk1.8.0_20\jre
Apr 09, 2015 1:05:21 PM org.apache.catalina.startup.VersionLoggerListener log
INFO: JVM Version:           1.8.0_20-b26
Apr 09, 2015 1:05:21 PM org.apache.catalina.startup.VersionLoggerListener log
INFO: JVM Vendor:            Oracle Corporation
Apr 09, 2015 1:05:21 PM org.apache.catalina.startup.VersionLoggerListener log
INFO: CATALINA_BASE:         C:\Users\Azat\Desktop\apache-tomcat-7.0.59
Apr 09, 2015 1:05:21 PM org.apache.catalina.startup.VersionLoggerListener log
INFO: CATALINA_HOME:         C:\Users\Azat\Desktop\apache-tomcat-7.0.59
Apr 09, 2015 1:05:21 PM org.apache.catalina.startup.VersionLoggerListener log
INFO: Command line argument: -Djava.util.logging.config.file=C:\Users\Azat\Desktop\apache-tomcat-7.0.59\conf\logging.properties
Apr 09, 2015 1:05:21 PM org.apache.catalina.startup.VersionLoggerListener log
INFO: Command line argument: -Djava.util.logging.manager=org.apache.juli.ClassLoaderLogManager
Apr 09, 2015 1:05:21 PM org.apache.catalina.startup.VersionLoggerListener log
INFO: Command line argument: -Djava.endorsed.dirs=C:\Users\Azat\Desktop\apache-tomcat-7.0.59\endorsed
Apr 09, 2015 1:05:21 PM org.apache.catalina.startup.VersionLoggerListener log
INFO: Command line argument: -Dcatalina.base=C:\Users\Azat\Desktop\apache-tomcat-7.0.59
Apr 09, 2015 1:05:21 PM org.apache.catalina.startup.VersionLoggerListener log
INFO: Command line argument: -Dcatalina.home=C:\Users\Azat\Desktop\apache-tomcat-7.0.59
Apr 09, 2015 1:05:21 PM org.apache.catalina.startup.VersionLoggerListener log
INFO: Command line argument: -Djava.io.tmpdir=C:\Users\Azat\Desktop\apache-tomcat-7.0.59\temp
Apr 09, 2015 1:05:21 PM org.apache.catalina.core.AprLifecycleListener lifecycleEvent
INFO: Loaded APR based Apache Tomcat Native library 1.1.32 using APR version 1.5.1.
Apr 09, 2015 1:05:21 PM org.apache.catalina.core.AprLifecycleListener lifecycleEvent
INFO: APR capabilities: IPv6 [true], sendfile [true], accept filters [false], random [true].
Apr 09, 2015 1:05:22 PM org.apache.catalina.core.AprLifecycleListener initializeSSL
INFO: OpenSSL successfully initialized (OpenSSL 1.0.1j 15 Oct 2014)
Apr 09, 2015 1:05:22 PM org.apache.coyote.AbstractProtocol init
INFO: Initializing ProtocolHandler ["http-apr-8080"]
Apr 09, 2015 1:05:22 PM org.apache.coyote.AbstractProtocol init
INFO: Initializing ProtocolHandler ["ajp-apr-8009"]
Apr 09, 2015 1:05:22 PM org.apache.catalina.startup.Catalina load
INFO: Initialization processed in 2189 ms
Apr 09, 2015 1:05:22 PM org.apache.catalina.core.StandardService startInternal
INFO: Starting service Catalina
Apr 09, 2015 1:05:22 PM org.apache.catalina.core.StandardEngine startInternal
INFO: Starting Servlet Engine: Apache Tomcat/7.0.59
Apr 09, 2015 1:05:22 PM org.apache.catalina.startup.HostConfig deployDirectory
INFO: Deploying web application directory C:\Users\Azat\Desktop\apache-tomcat-7.0.59\webapps\docs
Apr 09, 2015 1:05:23 PM org.apache.catalina.util.SessionIdGeneratorBase createSecureRandom
INFO: Creation of SecureRandom instance for session ID generation using [SHA1PRNG] took [181] milliseconds.
Apr 09, 2015 1:05:23 PM org.apache.catalina.startup.HostConfig deployDirectory
INFO: Deployment of web application directory C:\Users\Azat\Desktop\apache-tomcat-7.0.59\webapps\docs has finished in 709 ms
Apr 09, 2015 1:05:23 PM org.apache.catalina.startup.HostConfig deployDirectory
INFO: Deploying web application directory C:\Users\Azat\Desktop\apache-tomcat-7.0.59\webapps\examples
Apr 09, 2015 1:05:24 PM org.apache.catalina.startup.HostConfig deployDirectory
INFO: Deployment of web application directory C:\Users\Azat\Desktop\apache-tomcat-7.0.59\webapps\examples has finished in 685 ms
Apr 09, 2015 1:05:24 PM org.apache.catalina.startup.HostConfig deployDirectory
INFO: Deploying web application directory C:\Users\Azat\Desktop\apache-tomcat-7.0.59\webapps\host-manager
Apr 09, 2015 1:05:24 PM org.apache.catalina.startup.HostConfig deployDirectory
INFO: Deployment of web application directory C:\Users\Azat\Desktop\apache-tomcat-7.0.59\webapps\host-manager has finished in 247 ms
Apr 09, 2015 1:05:24 PM org.apache.catalina.startup.HostConfig deployDirectory
INFO: Deploying web application directory C:\Users\Azat\Desktop\apache-tomcat-7.0.59\webapps\manager
Apr 09, 2015 1:05:24 PM org.apache.catalina.startup.HostConfig deployDirectory
INFO: Deployment of web application directory C:\Users\Azat\Desktop\apache-tomcat-7.0.59\webapps\manager has finished in 190 ms
Apr 09, 2015 1:05:24 PM org.apache.catalina.startup.HostConfig deployDirectory
INFO: Deploying web application directory C:\Users\Azat\Desktop\apache-tomcat-7.0.59\webapps\ROOT
Apr 09, 2015 1:05:24 PM org.apache.catalina.startup.HostConfig deployDirectory
INFO: Deployment of web application directory C:\Users\Azat\Desktop\apache-tomcat-7.0.59\webapps\ROOT has finished in 103 ms
Apr 09, 2015 1:05:24 PM org.apache.coyote.AbstractProtocol start
INFO: Starting ProtocolHandler ["http-apr-8080"]
Apr 09, 2015 1:05:24 PM org.apache.coyote.AbstractProtocol start
INFO: Starting ProtocolHandler ["ajp-apr-8009"]
Apr 09, 2015 1:05:24 PM org.apache.catalina.startup.Catalina start
INFO: Server startup in 2039 ms
