Apr 03, 2015 10:07:19 AM org.apache.catalina.startup.VersionLoggerListener log
INFO: Server version:        Apache Tomcat/7.0.59
Apr 03, 2015 10:07:19 AM org.apache.catalina.startup.VersionLoggerListener log
INFO: Server built:          Jan 28 2015 15:51:10 UTC
Apr 03, 2015 10:07:19 AM org.apache.catalina.startup.VersionLoggerListener log
INFO: Server number:         7.0.59.0
Apr 03, 2015 10:07:19 AM org.apache.catalina.startup.VersionLoggerListener log
INFO: OS Name:               Windows 7
Apr 03, 2015 10:07:19 AM org.apache.catalina.startup.VersionLoggerListener log
INFO: OS Version:            6.1
Apr 03, 2015 10:07:19 AM org.apache.catalina.startup.VersionLoggerListener log
INFO: Architecture:          amd64
Apr 03, 2015 10:07:19 AM org.apache.catalina.startup.VersionLoggerListener log
INFO: Java Home:             C:\Program Files\Java\jdk1.8.0_20\jre
Apr 03, 2015 10:07:19 AM org.apache.catalina.startup.VersionLoggerListener log
INFO: JVM Version:           1.8.0_20-b26
Apr 03, 2015 10:07:19 AM org.apache.catalina.startup.VersionLoggerListener log
INFO: JVM Vendor:            Oracle Corporation
Apr 03, 2015 10:07:19 AM org.apache.catalina.startup.VersionLoggerListener log
INFO: CATALINA_BASE:         C:\Users\Azat\Desktop\apache-tomcat-7.0.59
Apr 03, 2015 10:07:19 AM org.apache.catalina.startup.VersionLoggerListener log
INFO: CATALINA_HOME:         C:\Users\Azat\Desktop\apache-tomcat-7.0.59
Apr 03, 2015 10:07:19 AM org.apache.catalina.startup.VersionLoggerListener log
INFO: Command line argument: -Djava.util.logging.config.file=C:\Users\Azat\Desktop\apache-tomcat-7.0.59\conf\logging.properties
Apr 03, 2015 10:07:19 AM org.apache.catalina.startup.VersionLoggerListener log
INFO: Command line argument: -Djava.util.logging.manager=org.apache.juli.ClassLoaderLogManager
Apr 03, 2015 10:07:19 AM org.apache.catalina.startup.VersionLoggerListener log
INFO: Command line argument: -Djava.endorsed.dirs=C:\Users\Azat\Desktop\apache-tomcat-7.0.59\endorsed
Apr 03, 2015 10:07:19 AM org.apache.catalina.startup.VersionLoggerListener log
INFO: Command line argument: -Dcatalina.base=C:\Users\Azat\Desktop\apache-tomcat-7.0.59
Apr 03, 2015 10:07:19 AM org.apache.catalina.startup.VersionLoggerListener log
INFO: Command line argument: -Dcatalina.home=C:\Users\Azat\Desktop\apache-tomcat-7.0.59
Apr 03, 2015 10:07:19 AM org.apache.catalina.startup.VersionLoggerListener log
INFO: Command line argument: -Djava.io.tmpdir=C:\Users\Azat\Desktop\apache-tomcat-7.0.59\temp
Apr 03, 2015 10:07:19 AM org.apache.catalina.core.AprLifecycleListener lifecycleEvent
INFO: Loaded APR based Apache Tomcat Native library 1.1.32 using APR version 1.5.1.
Apr 03, 2015 10:07:19 AM org.apache.catalina.core.AprLifecycleListener lifecycleEvent
INFO: APR capabilities: IPv6 [true], sendfile [true], accept filters [false], random [true].
Apr 03, 2015 10:07:20 AM org.apache.catalina.core.AprLifecycleListener initializeSSL
INFO: OpenSSL successfully initialized (OpenSSL 1.0.1j 15 Oct 2014)
Apr 03, 2015 10:07:21 AM org.apache.coyote.AbstractProtocol init
INFO: Initializing ProtocolHandler ["http-apr-8080"]
Apr 03, 2015 10:07:21 AM org.apache.coyote.AbstractProtocol init
INFO: Initializing ProtocolHandler ["ajp-apr-8009"]
Apr 03, 2015 10:07:21 AM org.apache.catalina.startup.Catalina load
INFO: Initialization processed in 3845 ms
Apr 03, 2015 10:07:21 AM org.apache.catalina.core.StandardService startInternal
INFO: Starting service Catalina
Apr 03, 2015 10:07:21 AM org.apache.catalina.core.StandardEngine startInternal
INFO: Starting Servlet Engine: Apache Tomcat/7.0.59
Apr 03, 2015 10:07:21 AM org.apache.catalina.startup.HostConfig deployDirectory
INFO: Deploying web application directory C:\Users\Azat\Desktop\apache-tomcat-7.0.59\webapps\docs
Apr 03, 2015 10:07:22 AM org.apache.catalina.util.SessionIdGeneratorBase createSecureRandom
INFO: Creation of SecureRandom instance for session ID generation using [SHA1PRNG] took [283] milliseconds.
Apr 03, 2015 10:07:22 AM org.apache.catalina.startup.HostConfig deployDirectory
INFO: Deployment of web application directory C:\Users\Azat\Desktop\apache-tomcat-7.0.59\webapps\docs has finished in 1,062 ms
Apr 03, 2015 10:07:22 AM org.apache.catalina.startup.HostConfig deployDirectory
INFO: Deploying web application directory C:\Users\Azat\Desktop\apache-tomcat-7.0.59\webapps\examples
Apr 03, 2015 10:07:23 AM org.apache.catalina.startup.HostConfig deployDirectory
INFO: Deployment of web application directory C:\Users\Azat\Desktop\apache-tomcat-7.0.59\webapps\examples has finished in 702 ms
Apr 03, 2015 10:07:23 AM org.apache.catalina.startup.HostConfig deployDirectory
INFO: Deploying web application directory C:\Users\Azat\Desktop\apache-tomcat-7.0.59\webapps\host-manager
Apr 03, 2015 10:07:23 AM org.apache.catalina.startup.HostConfig deployDirectory
INFO: Deployment of web application directory C:\Users\Azat\Desktop\apache-tomcat-7.0.59\webapps\host-manager has finished in 104 ms
Apr 03, 2015 10:07:23 AM org.apache.catalina.startup.HostConfig deployDirectory
INFO: Deploying web application directory C:\Users\Azat\Desktop\apache-tomcat-7.0.59\webapps\manager
Apr 03, 2015 10:07:23 AM org.apache.catalina.startup.HostConfig deployDirectory
INFO: Deployment of web application directory C:\Users\Azat\Desktop\apache-tomcat-7.0.59\webapps\manager has finished in 121 ms
Apr 03, 2015 10:07:23 AM org.apache.catalina.startup.HostConfig deployDirectory
INFO: Deploying web application directory C:\Users\Azat\Desktop\apache-tomcat-7.0.59\webapps\ROOT
Apr 03, 2015 10:07:23 AM org.apache.catalina.startup.HostConfig deployDirectory
INFO: Deployment of web application directory C:\Users\Azat\Desktop\apache-tomcat-7.0.59\webapps\ROOT has finished in 85 ms
Apr 03, 2015 10:07:23 AM org.apache.coyote.AbstractProtocol start
INFO: Starting ProtocolHandler ["http-apr-8080"]
Apr 03, 2015 10:07:23 AM org.apache.coyote.AbstractProtocol start
INFO: Starting ProtocolHandler ["ajp-apr-8009"]
Apr 03, 2015 10:07:23 AM org.apache.catalina.startup.Catalina start
INFO: Server startup in 2212 ms
Apr 03, 2015 11:42:50 AM org.apache.catalina.startup.VersionLoggerListener log
INFO: Server version:        Apache Tomcat/7.0.59
Apr 03, 2015 11:42:50 AM org.apache.catalina.startup.VersionLoggerListener log
INFO: Server built:          Jan 28 2015 15:51:10 UTC
Apr 03, 2015 11:42:50 AM org.apache.catalina.startup.VersionLoggerListener log
INFO: Server number:         7.0.59.0
Apr 03, 2015 11:42:50 AM org.apache.catalina.startup.VersionLoggerListener log
INFO: OS Name:               Windows 7
Apr 03, 2015 11:42:50 AM org.apache.catalina.startup.VersionLoggerListener log
INFO: OS Version:            6.1
Apr 03, 2015 11:42:50 AM org.apache.catalina.startup.VersionLoggerListener log
INFO: Architecture:          amd64
Apr 03, 2015 11:42:50 AM org.apache.catalina.startup.VersionLoggerListener log
INFO: Java Home:             C:\Program Files\Java\jdk1.8.0_20\jre
Apr 03, 2015 11:42:50 AM org.apache.catalina.startup.VersionLoggerListener log
INFO: JVM Version:           1.8.0_20-b26
Apr 03, 2015 11:42:50 AM org.apache.catalina.startup.VersionLoggerListener log
INFO: JVM Vendor:            Oracle Corporation
Apr 03, 2015 11:42:50 AM org.apache.catalina.startup.VersionLoggerListener log
INFO: CATALINA_BASE:         C:\Users\Azat\Desktop\apache-tomcat-7.0.59
Apr 03, 2015 11:42:50 AM org.apache.catalina.startup.VersionLoggerListener log
INFO: CATALINA_HOME:         C:\Users\Azat\Desktop\apache-tomcat-7.0.59
Apr 03, 2015 11:42:50 AM org.apache.catalina.startup.VersionLoggerListener log
INFO: Command line argument: -Djava.util.logging.config.file=C:\Users\Azat\Desktop\apache-tomcat-7.0.59\conf\logging.properties
Apr 03, 2015 11:42:50 AM org.apache.catalina.startup.VersionLoggerListener log
INFO: Command line argument: -Djava.util.logging.manager=org.apache.juli.ClassLoaderLogManager
Apr 03, 2015 11:42:50 AM org.apache.catalina.startup.VersionLoggerListener log
INFO: Command line argument: -Djava.endorsed.dirs=C:\Users\Azat\Desktop\apache-tomcat-7.0.59\endorsed
Apr 03, 2015 11:42:50 AM org.apache.catalina.startup.VersionLoggerListener log
INFO: Command line argument: -Dcatalina.base=C:\Users\Azat\Desktop\apache-tomcat-7.0.59
Apr 03, 2015 11:42:50 AM org.apache.catalina.startup.VersionLoggerListener log
INFO: Command line argument: -Dcatalina.home=C:\Users\Azat\Desktop\apache-tomcat-7.0.59
Apr 03, 2015 11:42:50 AM org.apache.catalina.startup.VersionLoggerListener log
INFO: Command line argument: -Djava.io.tmpdir=C:\Users\Azat\Desktop\apache-tomcat-7.0.59\temp
Apr 03, 2015 11:42:50 AM org.apache.catalina.core.AprLifecycleListener lifecycleEvent
INFO: Loaded APR based Apache Tomcat Native library 1.1.32 using APR version 1.5.1.
Apr 03, 2015 11:42:50 AM org.apache.catalina.core.AprLifecycleListener lifecycleEvent
INFO: APR capabilities: IPv6 [true], sendfile [true], accept filters [false], random [true].
Apr 03, 2015 11:42:51 AM org.apache.catalina.core.AprLifecycleListener initializeSSL
INFO: OpenSSL successfully initialized (OpenSSL 1.0.1j 15 Oct 2014)
Apr 03, 2015 11:42:52 AM org.apache.coyote.AbstractProtocol init
INFO: Initializing ProtocolHandler ["http-apr-8080"]
Apr 03, 2015 11:42:52 AM org.apache.coyote.AbstractProtocol init
INFO: Initializing ProtocolHandler ["ajp-apr-8009"]
Apr 03, 2015 11:42:52 AM org.apache.catalina.startup.Catalina load
INFO: Initialization processed in 2002 ms
Apr 03, 2015 11:42:52 AM org.apache.catalina.core.StandardService startInternal
INFO: Starting service Catalina
Apr 03, 2015 11:42:52 AM org.apache.catalina.core.StandardEngine startInternal
INFO: Starting Servlet Engine: Apache Tomcat/7.0.59
Apr 03, 2015 11:42:52 AM org.apache.catalina.startup.HostConfig deployDirectory
INFO: Deploying web application directory C:\Users\Azat\Desktop\apache-tomcat-7.0.59\webapps\docs
Apr 03, 2015 11:42:52 AM org.apache.catalina.util.SessionIdGeneratorBase createSecureRandom
INFO: Creation of SecureRandom instance for session ID generation using [SHA1PRNG] took [110] milliseconds.
Apr 03, 2015 11:42:52 AM org.apache.catalina.startup.HostConfig deployDirectory
INFO: Deployment of web application directory C:\Users\Azat\Desktop\apache-tomcat-7.0.59\webapps\docs has finished in 649 ms
Apr 03, 2015 11:42:52 AM org.apache.catalina.startup.HostConfig deployDirectory
INFO: Deploying web application directory C:\Users\Azat\Desktop\apache-tomcat-7.0.59\webapps\examples
Apr 03, 2015 11:42:53 AM org.apache.catalina.startup.HostConfig deployDirectory
INFO: Deployment of web application directory C:\Users\Azat\Desktop\apache-tomcat-7.0.59\webapps\examples has finished in 719 ms
Apr 03, 2015 11:42:53 AM org.apache.catalina.startup.HostConfig deployDirectory
INFO: Deploying web application directory C:\Users\Azat\Desktop\apache-tomcat-7.0.59\webapps\host-manager
Apr 03, 2015 11:42:53 AM org.apache.catalina.startup.HostConfig deployDirectory
INFO: Deployment of web application directory C:\Users\Azat\Desktop\apache-tomcat-7.0.59\webapps\host-manager has finished in 144 ms
Apr 03, 2015 11:42:53 AM org.apache.catalina.startup.HostConfig deployDirectory
INFO: Deploying web application directory C:\Users\Azat\Desktop\apache-tomcat-7.0.59\webapps\manager
Apr 03, 2015 11:42:53 AM org.apache.catalina.startup.HostConfig deployDirectory
INFO: Deployment of web application directory C:\Users\Azat\Desktop\apache-tomcat-7.0.59\webapps\manager has finished in 116 ms
Apr 03, 2015 11:42:53 AM org.apache.catalina.startup.HostConfig deployDirectory
INFO: Deploying web application directory C:\Users\Azat\Desktop\apache-tomcat-7.0.59\webapps\ROOT
Apr 03, 2015 11:42:53 AM org.apache.catalina.startup.HostConfig deployDirectory
INFO: Deployment of web application directory C:\Users\Azat\Desktop\apache-tomcat-7.0.59\webapps\ROOT has finished in 105 ms
Apr 03, 2015 11:42:53 AM org.apache.coyote.AbstractProtocol start
INFO: Starting ProtocolHandler ["http-apr-8080"]
Apr 03, 2015 11:42:53 AM org.apache.coyote.AbstractProtocol start
INFO: Starting ProtocolHandler ["ajp-apr-8009"]
Apr 03, 2015 11:42:53 AM org.apache.catalina.startup.Catalina start
INFO: Server startup in 1833 ms
